#
# A fatal error has been detected by the Java Runtime Environment:
#
#  SIGSEGV (0xb) at pc=0x00007f9609405c9a, pid=7402, tid=140282225182464
#
# JRE version: Java(TM) SE Runtime Environment (7.0_80-b15) (build 1.7.0_80-b15)
# Java VM: Java HotSpot(TM) 64-Bit Server VM (24.80-b11 mixed mode linux-amd64 compressed oops)
# Problematic frame:
# V  [libjvm.so+0x888c9a]  oopDesc* PSPromotionManager::copy_to_survivor_space<false>(oopDesc*)+0x19a
#
# Failed to write core dump. Core dumps have been disabled. To enable core dumping, try "ulimit -c unlimited" before starting Java again
#
# If you would like to submit a bug report, please visit:
#   http://bugreport.java.com/bugreport/crash.jsp
#

---------------  T H R E A D  ---------------

Current thread (0x00007f9604022800):  GCTaskThread [stack: 0x00007f9600234000,0x00007f9600335000] [id=7408]

siginfo:si_signo=SIGSEGV: si_errno=0, si_code=1 (SEGV_MAPERR), si_addr=0x000019eea10940b0

Registers:
RAX=0x000019eea1094000, RBX=0x00000000eebb1274, RCX=0x0000000000000000, RDX=0x00000000eea1092b
RSP=0x00007f96003339e0, RBP=0x00007f9600333a50, RSI=0x00000000eeee1bc0, RDI=0x00000000eea1093b
R8 =0x0000000000000001, R9 =0x00007f96099bebf8, R10=0x00000000ee980000, R11=0x00007f9600333990
R12=0x00000000eeee1bc0, R13=0x00000000eeee1bc8, R14=0x0000000000000000, R15=0x00007f9604068280
RIP=0x00007f9609405c9a, EFLAGS=0x0000000000010246, CSGSFS=0x0000000000000033, ERR=0x0000000000000004
  TRAPNO=0x000000000000000e

Top of Stack: (sp=0x00007f96003339e0)
0x00007f96003339e0:   00007f9600333a60 00007f96099bebf8
0x00007f96003339f0:   0000000000000408 00007f9604068210
0x00007f9600333a00:   00000000eebb09e9 00000000c073952c
0x00007f9600333a10:   00000000ef195832 0000000000001000
0x00007f9600333a20:   00007f9604068240 00000000eebb1274
0x00007f9600333a30:   00007f9604068210 00007f96099a3360
0x00007f9600333a40:   0000000000000000 00007f9604068280
0x00007f9600333a50:   00007f9600333b40 00007f9609405450
0x00007f9600333a60:   00007f9600333ae0 00007f9600333ad0
0x00007f9600333a70:   00007f9600333ae0 00007f9600333aa0
0x00007f9600333a80:   00007f9600333ab0 00007f9600333b00
0x00007f9600333a90:   00000000c0733048 00007f96040682b0
0x00007f9600333aa0:   00007f9604023828 0000000000000000
0x00007f9600333ab0:   00007f960a1e08a4 00000000c0739b40
0x00007f9600333ac0:   00007f9600333b40 00007f960937ca9f
0x00007f9600333ad0:   00000000c002cb35 00007f9604068280
0x00007f9600333ae0:   00000000bb19a930 00000000c002cb34
0x00007f9600333af0:   00007f9600333b40 00007f9609131d08
0x00007f9600333b00:   00000000eebb1275 00007f9604068278
0x00007f9600333b10:   0000000000000000 00000000c002d080
0x00007f9600333b20:   00000000c002d000 00007f96005b5168
0x00007f9600333b30:   00007f960401b990 00007f96005b5181
0x00007f9600333b40:   00007f9600333c00 00007f9608f3aa76
0x00007f9600333b50:   00007f960401ffa0 00007f96005b5180
0x00007f9600333b60:   00007f96005b5101 00007f96099bebf8
0x00007f9600333b70:   00007f9604068210 00000000c073b048
0x00007f9600333b80:   00007f960401b6c0 00007f96005b89d9
0x00007f9600333b90:   00000000c002b108 0000000000000200
0x00007f9600333ba0:   00000000c0030000 00007f96005b515c
0x00007f9600333bb0:   0000000000000240 00007f96005b5200
0x00007f9600333bc0:   00007f96005b5300 00007f96005b5168
0x00007f9600333bd0:   00007f96005b515c 00007f9604028410 

Instructions: (pc=0x00007f9609405c9a)
0x00007f9609405c7a:   83 fe 00 0f 8f db fe ff ff 0f 85 07 03 00 00 0f
0x00007f9609405c8a:   1f 80 00 00 00 00 48 8b 07 4c 89 e6 4c 89 4d 98
0x00007f9609405c9a:   ff 90 b0 00 00 00 41 f6 c5 01 4c 8b 4d 98 4c 63
0x00007f9609405caa:   f8 0f 84 c9 fe ff ff 4c 89 e8 48 c1 e8 03 89 c2 

Register to memory mapping:

RAX=0x000019eea1094000 is an unknown value
RBX=0x00000000eebb1274 is an unknown value
RCX=0x0000000000000000 is an unknown value
RDX=0x00000000eea1092b is an unknown value
RSP=0x00007f96003339e0 is an unknown value
RBP=0x00007f9600333a50 is an unknown value
RSI=0x00000000eeee1bc0 is an unknown value
RDI=0x00000000eea1093b is an unknown value
R8 =0x0000000000000001 is an unknown value
R9 =0x00007f96099bebf8: <offset 0xe41bf8> in /usr/lib/jvm/java-7-oracle/jre/lib/amd64/server/libjvm.so at 0x00007f9608b7d000
R10=0x00000000ee980000 is an oop
com.android.dx.rop.code.RegisterSpecList 
 - klass: 'com/android/dx/rop/code/RegisterSpecList'
R11=0x00007f9600333990 is an unknown value
R12=0x00000000eeee1bc0 is an unknown value
R13=0x00000000eeee1bc8 is an oop
com.android.dx.util.ByteArray 
 - klass: 'com/android/dx/util/ByteArray'
R14=0x0000000000000000 is an unknown value
R15=0x00007f9604068280 is an unknown value


Stack: [0x00007f9600234000,0x00007f9600335000],  sp=0x00007f96003339e0,  free space=1022k
Native frames: (J=compiled Java code, j=interpreted, Vv=VM code, C=native code)
V  [libjvm.so+0x888c9a]  oopDesc* PSPromotionManager::copy_to_survivor_space<false>(oopDesc*)+0x19a
V  [libjvm.so+0x888450]  PSPromotionManager::drain_stacks_depth(bool)+0x7c0
V  [libjvm.so+0x3bda76]  CardTableExtension::scavenge_contents_parallel(ObjectStartArray*, MutableSpace*, HeapWord*, PSPromotionManager*, unsigned int, unsigned int)+0xb56
V  [libjvm.so+0x88be3b]  OldToYoungRootsTask::do_it(GCTaskManager*, unsigned int)+0x4b
V  [libjvm.so+0x5590bf]  GCTaskThread::run()+0x12f
V  [libjvm.so+0x8238c8]  java_start(Thread*)+0x108


---------------  P R O C E S S  ---------------

Java Threads: ( => current thread )
  0x00007f96040a2000 JavaThread "Service Thread" daemon [_thread_blocked, id=7417, stack(0x00007f95f01b0000,0x00007f95f02b1000)]
  0x00007f96040a0000 JavaThread "C2 CompilerThread1" daemon [_thread_blocked, id=7416, stack(0x00007f95f02b1000,0x00007f95f03b2000)]
  0x00007f960409d000 JavaThread "C2 CompilerThread0" daemon [_thread_blocked, id=7415, stack(0x00007f95f03b2000,0x00007f95f04b3000)]
  0x00007f960409a800 JavaThread "Signal Dispatcher" daemon [_thread_blocked, id=7414, stack(0x00007f95f04b3000,0x00007f95f05b4000)]
  0x00007f9604071000 JavaThread "Finalizer" daemon [_thread_blocked, id=7413, stack(0x00007f95f05b4000,0x00007f95f06b5000)]
  0x00007f960406f000 JavaThread "Reference Handler" daemon [_thread_blocked, id=7412, stack(0x00007f95f06b5000,0x00007f95f07b6000)]
  0x00007f960400a800 JavaThread "main" [_thread_blocked, id=7406, stack(0x00007f960a4ef000,0x00007f960a5f0000)]

Other Threads:
  0x00007f960406a800 VMThread [stack: 0x00007f95f07b6000,0x00007f95f08b7000] [id=7411]
  0x00007f96040b5000 WatcherThread [stack: 0x00007f95f00af000,0x00007f95f01b0000] [id=7418]

=>0x00007f9604022800 (exited) GCTaskThread [stack: 0x00007f9600234000,0x00007f9600335000] [id=7408]

VM state:at safepoint (normal execution)

VM Mutex/Monitor currently owned by a thread:  ([mutex/lock_event])
[0x00007f9604006db0] Threads_lock - owner thread: 0x00007f960406a800
[0x00007f96040072b0] Heap_lock - owner thread: 0x00007f960400a800

Heap
 PSYoungGen      total 69632K, used 69607K [0x00000000eaa80000, 0x00000000ef380000, 0x0000000100000000)
  eden space 64512K, 100% used [0x00000000eaa80000,0x00000000ee980000,0x00000000ee980000)
  from space 5120K, 99% used [0x00000000eee80000,0x00000000ef379db8,0x00000000ef380000)
  to   space 5120K, 99% used [0x00000000ee980000,0x00000000eee7fbb8,0x00000000eee80000)
 ParOldGen       total 84480K, used 20291K [0x00000000c0000000, 0x00000000c5280000, 0x00000000eaa80000)
  object space 84480K, 24% used [0x00000000c0000000,0x00000000c13d0d30,0x00000000c5280000)
 PSPermGen       total 21504K, used 6862K [0x00000000bae00000, 0x00000000bc300000, 0x00000000c0000000)
  object space 21504K, 31% used [0x00000000bae00000,0x00000000bb4b3b00,0x00000000bc300000)

Card table byte_map: [0x00007f960058c000,0x00007f96007b6000] byte_map_base: 0x00007f95fffb5000

Polling page: 0x00007f960a612000

Code Cache  [0x00007f96007b6000, 0x00007f9600a26000, 0x00007f96037b6000)
 total_blobs=907 nmethods=659 adapters=201 free_code_cache=47331Kb largest_free_block=48427008

Compilation events (10 events):
Event: 1.392 Thread 0x00007f96040a0000 nmethod 655 0x00007f960097fe10 code [0x00007f960097ff60, 0x00007f9600980058]
Event: 1.392 Thread 0x00007f96040a0000  656             com.android.dx.io.instructions.InstructionCodec$4::decode (41 bytes)
Event: 1.393 Thread 0x00007f96040a0000 nmethod 656 0x00007f9600974610 code [0x00007f9600974760, 0x00007f96009748b8]
Event: 1.393 Thread 0x00007f96040a0000  657             com.android.dx.io.instructions.InstructionCodec$4::encode (25 bytes)
Event: 1.394 Thread 0x00007f96040a0000 nmethod 657 0x00007f9600973f90 code [0x00007f9600974100, 0x00007f9600974358]
Event: 1.394 Thread 0x00007f96040a0000  658             com.android.dx.io.instructions.DecodedInstruction::getLiteralNibble (64 bytes)
Event: 1.394 Thread 0x00007f960409d000 nmethod 653 0x00007f9600958c50 code [0x00007f9600958e00, 0x00007f96009594f8]
Event: 1.394 Thread 0x00007f960409d000  659             com.android.dx.io.instructions.ThreeRegisterDecodedInstruction::<init> (32 bytes)
Event: 1.394 Thread 0x00007f96040a0000 nmethod 658 0x00007f9600958990 code [0x00007f9600958ae0, 0x00007f9600958b98]
Event: 1.395 Thread 0x00007f960409d000 nmethod 659 0x00007f9600981810 code [0x00007f9600981960, 0x00007f9600981b78]

GC Heap History (5 events):
Event: 0.647 GC heap before
{Heap before GC invocations=1 (full 0):
 PSYoungGen      total 37376K, used 32256K [0x00000000eaa80000, 0x00000000ed400000, 0x0000000100000000)
  eden space 32256K, 100% used [0x00000000eaa80000,0x00000000eca00000,0x00000000eca00000)
  from space 5120K, 0% used [0x00000000ecf00000,0x00000000ecf00000,0x00000000ed400000)
  to   space 5120K, 0% used [0x00000000eca00000,0x00000000eca00000,0x00000000ecf00000)
 ParOldGen       total 84480K, used 0K [0x00000000c0000000, 0x00000000c5280000, 0x00000000eaa80000)
  object space 84480K, 0% used [0x00000000c0000000,0x00000000c0000000,0x00000000c5280000)
 PSPermGen       total 21504K, used 5089K [0x00000000bae00000, 0x00000000bc300000, 0x00000000c0000000)
  object space 21504K, 23% used [0x00000000bae00000,0x00000000bb2f87a8,0x00000000bc300000)
Event: 0.655 GC heap after
Heap after GC invocations=1 (full 0):
 PSYoungGen      total 37376K, used 5111K [0x00000000eaa80000, 0x00000000ef380000, 0x0000000100000000)
  eden space 32256K, 0% used [0x00000000eaa80000,0x00000000eaa80000,0x00000000eca00000)
  from space 5120K, 99% used [0x00000000eca00000,0x00000000ecefdcb0,0x00000000ecf00000)
  to   space 5120K, 0% used [0x00000000eee80000,0x00000000eee80000,0x00000000ef380000)
 ParOldGen       total 84480K, used 1957K [0x00000000c0000000, 0x00000000c5280000, 0x00000000eaa80000)
  object space 84480K, 2% used [0x00000000c0000000,0x00000000c01e9750,0x00000000c5280000)
 PSPermGen       total 21504K, used 5089K [0x00000000bae00000, 0x00000000bc300000, 0x00000000c0000000)
  object space 21504K, 23% used [0x00000000bae00000,0x00000000bb2f87a8,0x00000000bc300000)
}
Event: 1.166 GC heap before
{Heap before GC invocations=2 (full 0):
 PSYoungGen      total 37376K, used 37367K [0x00000000eaa80000, 0x00000000ef380000, 0x0000000100000000)
  eden space 32256K, 100% used [0x00000000eaa80000,0x00000000eca00000,0x00000000eca00000)
  from space 5120K, 99% used [0x00000000eca00000,0x00000000ecefdcb0,0x00000000ecf00000)
  to   space 5120K, 0% used [0x00000000eee80000,0x00000000eee80000,0x00000000ef380000)
 ParOldGen       total 84480K, used 1957K [0x00000000c0000000, 0x00000000c5280000, 0x00000000eaa80000)
  object space 84480K, 2% used [0x00000000c0000000,0x00000000c01e9750,0x00000000c5280000)
 PSPermGen       total 21504K, used 6792K [0x00000000bae00000, 0x00000000bc300000, 0x00000000c0000000)
  object space 21504K, 31% used [0x00000000bae00000,0x00000000bb4a2230,0x00000000bc300000)
Event: 1.174 GC heap after
Heap after GC invocations=2 (full 0):
 PSYoungGen      total 69632K, used 5095K [0x00000000eaa80000, 0x00000000ef380000, 0x0000000100000000)
  eden space 64512K, 0% used [0x00000000eaa80000,0x00000000eaa80000,0x00000000ee980000)
  from space 5120K, 99% used [0x00000000eee80000,0x00000000ef379db8,0x00000000ef380000)
  to   space 5120K, 0% used [0x00000000ee980000,0x00000000ee980000,0x00000000eee80000)
 ParOldGen       total 84480K, used 7404K [0x00000000c0000000, 0x00000000c5280000, 0x00000000eaa80000)
  object space 84480K, 8% used [0x00000000c0000000,0x00000000c073b048,0x00000000c5280000)
 PSPermGen       total 21504K, used 6792K [0x00000000bae00000, 0x00000000bc300000, 0x00000000c0000000)
  object space 21504K, 31% used [0x00000000bae00000,0x00000000bb4a2230,0x00000000bc300000)
}
Event: 1.410 GC heap before
{Heap before GC invocations=3 (full 0):
 PSYoungGen      total 69632K, used 69607K [0x00000000eaa80000, 0x00000000ef380000, 0x0000000100000000)
  eden space 64512K, 100% used [0x00000000eaa80000,0x00000000ee980000,0x00000000ee980000)
  from space 5120K, 99% used [0x00000000eee80000,0x00000000ef379db8,0x00000000ef380000)
  to   space 5120K, 0% used [0x00000000ee980000,0x00000000ee980000,0x00000000eee80000)
 ParOldGen       total 84480K, used 7404K [0x00000000c0000000, 0x00000000c5280000, 0x00000000eaa80000)
  object space 84480K, 8% used [0x00000000c0000000,0x00000000c073b048,0x00000000c5280000)
 PSPermGen       total 21504K, used 6862K [0x00000000bae00000, 0x00000000bc300000, 0x00000000c0000000)
  object space 21504K, 31% used [0x00000000bae00000,0x00000000bb4b3b00,0x00000000bc300000)

Deoptimization events (10 events):
Event: 0.933 Thread 0x00007f960400a800 Uncommon trap: reason=unstable_if action=reinterpret pc=0x00007f960085b098 method=java.util.Arrays.copyOf([Ljava/lang/Object;ILjava/lang/Class;)[Ljava/lang/Object; @ 4
Event: 0.934 Thread 0x00007f960400a800 Uncommon trap: reason=class_check action=maybe_recompile pc=0x00007f960086e924 method=java.util.HashMap.<init>(IF)V @ 115
Event: 0.934 Thread 0x00007f960400a800 Uncommon trap: reason=class_check action=maybe_recompile pc=0x00007f960089f9ac method=java.util.HashMap.addEntry(ILjava/lang/Object;Ljava/lang/Object;I)V @ 65
Event: 0.934 Thread 0x00007f960400a800 Uncommon trap: reason=class_check action=maybe_recompile pc=0x00007f960089f9ac method=java.util.HashMap.addEntry(ILjava/lang/Object;Ljava/lang/Object;I)V @ 65
Event: 0.934 Thread 0x00007f960400a800 Uncommon trap: reason=class_check action=maybe_recompile pc=0x00007f960089f9ac method=java.util.HashMap.addEntry(ILjava/lang/Object;Ljava/lang/Object;I)V @ 65
Event: 0.934 Thread 0x00007f960400a800 Uncommon trap: reason=class_check action=maybe_recompile pc=0x00007f960086e924 method=java.util.HashMap.<init>(IF)V @ 115
Event: 1.072 Thread 0x00007f960400a800 Uncommon trap: reason=predicate action=maybe_recompile pc=0x00007f96009186d8 method=com.android.dex.Leb128.readUnsignedLeb128(Lcom/android/dex/util/ByteInput;)I @ 41
Event: 1.078 Thread 0x00007f960400a800 Uncommon trap: reason=unstable_if action=reinterpret pc=0x00007f9600836f3c method=java.lang.Long.numberOfTrailingZeros(J)I @ 3
Event: 1.362 Thread 0x00007f960400a800 Uncommon trap: reason=predicate action=maybe_recompile pc=0x00007f960096c480 method=java.util.ComparableTimSort.binarySort([Ljava/lang/Object;III)V @ 37
Event: 1.408 Thread 0x00007f960400a800 Uncommon trap: reason=array_check action=maybe_recompile pc=0x00007f960097e7e4 method=java.util.ComparableTimSort.binarySort([Ljava/lang/Object;III)V @ 193

Internal exceptions (10 events):
Event: 1.023 Thread 0x00007f960400a800 Threw 0x00000000ebf26dc8 at /HUDSON/workspace/7u-2-build-linux-amd64/jdk7u80/2329/hotspot/src/share/vm/prims/jvm.cpp:1319
Event: 1.023 Thread 0x00007f960400a800 Threw 0x00000000ebf29e58 at /HUDSON/workspace/7u-2-build-linux-amd64/jdk7u80/2329/hotspot/src/share/vm/prims/jvm.cpp:1319
Event: 1.023 Thread 0x00007f960400a800 Threw 0x00000000ebf2cfb0 at /HUDSON/workspace/7u-2-build-linux-amd64/jdk7u80/2329/hotspot/src/share/vm/prims/jvm.cpp:1319
Event: 1.024 Thread 0x00007f960400a800 Threw 0x00000000ebf308e0 at /HUDSON/workspace/7u-2-build-linux-amd64/jdk7u80/2329/hotspot/src/share/vm/prims/jvm.cpp:1319
Event: 1.024 Thread 0x00007f960400a800 Threw 0x00000000ebf33740 at /HUDSON/workspace/7u-2-build-linux-amd64/jdk7u80/2329/hotspot/src/share/vm/prims/jvm.cpp:1319
Event: 1.024 Thread 0x00007f960400a800 Threw 0x00000000ebf36760 at /HUDSON/workspace/7u-2-build-linux-amd64/jdk7u80/2329/hotspot/src/share/vm/prims/jvm.cpp:1319
Event: 1.025 Thread 0x00007f960400a800 Threw 0x00000000ebf39b98 at /HUDSON/workspace/7u-2-build-linux-amd64/jdk7u80/2329/hotspot/src/share/vm/prims/jvm.cpp:1319
Event: 1.026 Thread 0x00007f960400a800 Threw 0x00000000ebf81068 at /HUDSON/workspace/7u-2-build-linux-amd64/jdk7u80/2329/hotspot/src/share/vm/prims/jvm.cpp:1319
Event: 1.026 Thread 0x00007f960400a800 Threw 0x00000000ebf83228 at /HUDSON/workspace/7u-2-build-linux-amd64/jdk7u80/2329/hotspot/src/share/vm/prims/jvm.cpp:1319
Event: 1.265 Thread 0x00007f960400a800 Threw 0x00000000eb829060 at /HUDSON/workspace/7u-2-build-linux-amd64/jdk7u80/2329/hotspot/src/share/vm/prims/jvm.cpp:1319

Events (10 events):
Event: 1.265 loading class 0x00007f96041a8ac0 done
Event: 1.299 loading class 0x00007f95f1b1bf80
Event: 1.299 loading class 0x00007f95f1b1bf80 done
Event: 1.362 Thread 0x00007f960400a800 Uncommon trap: trap_request=0xffffff86 fr.pc=0x00007f960096c480
Event: 1.362 Thread 0x00007f960400a800 DEOPT PACKING pc=0x00007f960096c480 sp=0x00007f960a5ee420
Event: 1.362 Thread 0x00007f960400a800 DEOPT UNPACKING pc=0x00007f96007ef445 sp=0x00007f960a5ee400 mode 2
Event: 1.408 Thread 0x00007f960400a800 Uncommon trap: trap_request=0xffffffd6 fr.pc=0x00007f960097e7e4
Event: 1.408 Thread 0x00007f960400a800 DEOPT PACKING pc=0x00007f960097e7e4 sp=0x00007f960a5ee420
Event: 1.408 Thread 0x00007f960400a800 DEOPT UNPACKING pc=0x00007f96007ef445 sp=0x00007f960a5ee3e8 mode 2
Event: 1.410 Executing VM operation: ParallelGCFailedAllocation


Dynamic libraries:
00400000-00401000 r-xp 00000000 08:11 1194005                            /usr/lib/jvm/java-7-oracle/bin/java
00600000-00601000 rw-p 00000000 08:11 1194005                            /usr/lib/jvm/java-7-oracle/bin/java
00e71000-00e92000 rw-p 00000000 00:00 0                                  [heap]
bae00000-bc300000 rw-p 00000000 00:00 0 
bc300000-c0000000 rw-p 00000000 00:00 0 
c0000000-c5280000 rw-p 00000000 00:00 0 
c5280000-eaa80000 rw-p 00000000 00:00 0 
eaa80000-ef380000 rw-p 00000000 00:00 0 
ef380000-100000000 rw-p 00000000 00:00 0 
7f95c0000000-7f95c0021000 rw-p 00000000 00:00 0 
7f95c0021000-7f95c4000000 ---p 00000000 00:00 0 
7f95c8000000-7f95c8021000 rw-p 00000000 00:00 0 
7f95c8021000-7f95cc000000 ---p 00000000 00:00 0 
7f95d0000000-7f95d06f5000 rw-p 00000000 00:00 0 
7f95d06f5000-7f95d4000000 ---p 00000000 00:00 0 
7f95d4000000-7f95d4a11000 rw-p 00000000 00:00 0 
7f95d4a11000-7f95d8000000 ---p 00000000 00:00 0 
7f95d8000000-7f95d8021000 rw-p 00000000 00:00 0 
7f95d8021000-7f95dc000000 ---p 00000000 00:00 0 
7f95df389000-7f95df4f6000 rw-p 00000000 00:00 0 
7f95df4f6000-7f95df50d000 r-xp 00000000 08:11 4591410                    /usr/lib/jvm/java-7-oracle/jre/lib/amd64/libnet.so
7f95df50d000-7f95df70c000 ---p 00017000 08:11 4591410                    /usr/lib/jvm/java-7-oracle/jre/lib/amd64/libnet.so
7f95df70c000-7f95df70d000 rw-p 00016000 08:11 4591410                    /usr/lib/jvm/java-7-oracle/jre/lib/amd64/libnet.so
7f95df70d000-7f95df71d000 r-xp 00000000 08:11 4591421                    /usr/lib/jvm/java-7-oracle/jre/lib/amd64/libnio.so
7f95df71d000-7f95df91d000 ---p 00010000 08:11 4591421                    /usr/lib/jvm/java-7-oracle/jre/lib/amd64/libnio.so
7f95df91d000-7f95df91e000 rw-p 00010000 08:11 4591421                    /usr/lib/jvm/java-7-oracle/jre/lib/amd64/libnio.so
7f95df91e000-7f95e0000000 r--p 00000000 08:11 1055762                    /usr/lib/locale/locale-archive
7f95e0000000-7f95e0021000 rw-p 00000000 00:00 0 
7f95e0021000-7f95e4000000 ---p 00000000 00:00 0 
7f95e4000000-7f95e4021000 rw-p 00000000 00:00 0 
7f95e4021000-7f95e8000000 ---p 00000000 00:00 0 
7f95e8000000-7f95e8021000 rw-p 00000000 00:00 0 
7f95e8021000-7f95ec000000 ---p 00000000 00:00 0 
7f95ec000000-7f95ec021000 rw-p 00000000 00:00 0 
7f95ec021000-7f95f0000000 ---p 00000000 00:00 0 
7f95f00af000-7f95f00b0000 ---p 00000000 00:00 0 
7f95f00b0000-7f95f01b0000 rw-p 00000000 00:00 0                          [stack:7418]
7f95f01b0000-7f95f01b3000 ---p 00000000 00:00 0 
7f95f01b3000-7f95f02b1000 rw-p 00000000 00:00 0                          [stack:7417]
7f95f02b1000-7f95f02b4000 ---p 00000000 00:00 0 
7f95f02b4000-7f95f03b2000 rw-p 00000000 00:00 0                          [stack:7416]
7f95f03b2000-7f95f03b5000 ---p 00000000 00:00 0 
7f95f03b5000-7f95f04b3000 rw-p 00000000 00:00 0                          [stack:7415]
7f95f04b3000-7f95f04b6000 ---p 00000000 00:00 0 
7f95f04b6000-7f95f05b4000 rw-p 00000000 00:00 0                          [stack:7414]
7f95f05b4000-7f95f05b7000 ---p 00000000 00:00 0 
7f95f05b7000-7f95f06b5000 rw-p 00000000 00:00 0                          [stack:7413]
7f95f06b5000-7f95f06b8000 ---p 00000000 00:00 0 
7f95f06b8000-7f95f07b6000 rw-p 00000000 00:00 0                          [stack:7412]
7f95f07b6000-7f95f07b7000 ---p 00000000 00:00 0 
7f95f07b7000-7f95f18b6000 rw-p 00000000 00:00 0                          [stack:7411]
7f95f18b6000-7f95f1a76000 r--s 039fb000 08:11 4590961                    /usr/lib/jvm/java-7-oracle/jre/lib/rt.jar
7f95f1a76000-7f95f4000000 rw-p 00000000 00:00 0 
7f95f4000000-7f95f40e3000 rw-p 00000000 00:00 0 
7f95f40e3000-7f95f8000000 ---p 00000000 00:00 0 
7f95f8000000-7f95f8021000 rw-p 00000000 00:00 0 
7f95f8021000-7f95fc000000 ---p 00000000 00:00 0 
7f95fc000000-7f95fc021000 rw-p 00000000 00:00 0 
7f95fc021000-7f9600000000 ---p 00000000 00:00 0 
7f960000a000-7f9600032000 rw-p 00000000 00:00 0 
7f9600032000-7f9600033000 ---p 00000000 00:00 0 
7f9600033000-7f9600133000 rw-p 00000000 00:00 0                          [stack:7410]
7f9600133000-7f9600134000 ---p 00000000 00:00 0 
7f9600134000-7f9600234000 rw-p 00000000 00:00 0                          [stack:7409]
7f9600234000-7f9600235000 ---p 00000000 00:00 0 
7f9600235000-7f9600335000 rw-p 00000000 00:00 0                          [stack:7408]
7f9600335000-7f9600336000 ---p 00000000 00:00 0 
7f9600336000-7f9600460000 rw-p 00000000 00:00 0                          [stack:7407]
7f9600460000-7f960058c000 rw-p 00000000 00:00 0 
7f960058c000-7f9600597000 rw-p 00000000 00:00 0 
7f9600597000-7f96005b5000 rw-p 00000000 00:00 0 
7f96005b5000-7f96005df000 rw-p 00000000 00:00 0 
7f96005df000-7f960070a000 rw-p 00000000 00:00 0 
7f960070a000-7f960072f000 rw-p 00000000 00:00 0 
7f960072f000-7f96007b5000 rw-p 00000000 00:00 0 
7f96007b5000-7f96007b6000 rw-p 00000000 00:00 0 
7f96007b6000-7f9600a26000 rwxp 00000000 00:00 0 
7f9600a26000-7f96037b6000 rw-p 00000000 00:00 0 
7f96037b6000-7f96037cd000 r-xp 00000000 08:11 4591427                    /usr/lib/jvm/java-7-oracle/jre/lib/amd64/libzip.so
7f96037cd000-7f96039cd000 ---p 00017000 08:11 4591427                    /usr/lib/jvm/java-7-oracle/jre/lib/amd64/libzip.so
7f96039cd000-7f96039ce000 rw-p 00017000 08:11 4591427                    /usr/lib/jvm/java-7-oracle/jre/lib/amd64/libzip.so
7f96039ce000-7f96039d9000 r-xp 00000000 08:11 1187566                    /lib/x86_64-linux-gnu/libnss_files-2.19.so
7f96039d9000-7f9603bd8000 ---p 0000b000 08:11 1187566                    /lib/x86_64-linux-gnu/libnss_files-2.19.so
7f9603bd8000-7f9603bd9000 r--p 0000a000 08:11 1187566                    /lib/x86_64-linux-gnu/libnss_files-2.19.so
7f9603bd9000-7f9603bda000 rw-p 0000b000 08:11 1187566                    /lib/x86_64-linux-gnu/libnss_files-2.19.so
7f9603bda000-7f9603be5000 r-xp 00000000 08:11 1187657                    /lib/x86_64-linux-gnu/libnss_nis-2.19.so
7f9603be5000-7f9603de4000 ---p 0000b000 08:11 1187657                    /lib/x86_64-linux-gnu/libnss_nis-2.19.so
7f9603de4000-7f9603de5000 r--p 0000a000 08:11 1187657                    /lib/x86_64-linux-gnu/libnss_nis-2.19.so
7f9603de5000-7f9603de6000 rw-p 0000b000 08:11 1187657                    /lib/x86_64-linux-gnu/libnss_nis-2.19.so
7f9603de6000-7f9603dfd000 r-xp 00000000 08:11 1187646                    /lib/x86_64-linux-gnu/libnsl-2.19.so
7f9603dfd000-7f9603ffc000 ---p 00017000 08:11 1187646                    /lib/x86_64-linux-gnu/libnsl-2.19.so
7f9603ffc000-7f9603ffd000 r--p 00016000 08:11 1187646                    /lib/x86_64-linux-gnu/libnsl-2.19.so
7f9603ffd000-7f9603ffe000 rw-p 00017000 08:11 1187646                    /lib/x86_64-linux-gnu/libnsl-2.19.so
7f9603ffe000-7f9604000000 rw-p 00000000 00:00 0 
7f9604000000-7f9604298000 rw-p 00000000 00:00 0 
7f9604298000-7f9608000000 ---p 00000000 00:00 0 
7f9608003000-7f960800e000 rw-p 00000000 00:00 0 
7f960800e000-7f960802c000 rw-p 00000000 00:00 0 
7f960802c000-7f9608035000 r-xp 00000000 08:11 1187645                    /lib/x86_64-linux-gnu/libnss_compat-2.19.so
7f9608035000-7f9608234000 ---p 00009000 08:11 1187645                    /lib/x86_64-linux-gnu/libnss_compat-2.19.so
7f9608234000-7f9608235000 r--p 00008000 08:11 1187645                    /lib/x86_64-linux-gnu/libnss_compat-2.19.so
7f9608235000-7f9608236000 rw-p 00009000 08:11 1187645                    /lib/x86_64-linux-gnu/libnss_compat-2.19.so
7f9608236000-7f960825f000 r-xp 00000000 08:11 4591431                    /usr/lib/jvm/java-7-oracle/jre/lib/amd64/libjava.so
7f960825f000-7f960845f000 ---p 00029000 08:11 4591431                    /usr/lib/jvm/java-7-oracle/jre/lib/amd64/libjava.so
7f960845f000-7f9608461000 rw-p 00029000 08:11 4591431                    /usr/lib/jvm/java-7-oracle/jre/lib/amd64/libjava.so
7f9608461000-7f960846e000 r-xp 00000000 08:11 4591445                    /usr/lib/jvm/java-7-oracle/jre/lib/amd64/libverify.so
7f960846e000-7f960866d000 ---p 0000d000 08:11 4591445                    /usr/lib/jvm/java-7-oracle/jre/lib/amd64/libverify.so
7f960866d000-7f960866f000 rw-p 0000c000 08:11 4591445                    /usr/lib/jvm/java-7-oracle/jre/lib/amd64/libverify.so
7f960866f000-7f9608676000 r-xp 00000000 08:11 1187654                    /lib/x86_64-linux-gnu/librt-2.19.so
7f9608676000-7f9608875000 ---p 00007000 08:11 1187654                    /lib/x86_64-linux-gnu/librt-2.19.so
7f9608875000-7f9608876000 r--p 00006000 08:11 1187654                    /lib/x86_64-linux-gnu/librt-2.19.so
7f9608876000-7f9608877000 rw-p 00007000 08:11 1187654                    /lib/x86_64-linux-gnu/librt-2.19.so
7f9608877000-7f960897c000 r-xp 00000000 08:11 1187563                    /lib/x86_64-linux-gnu/libm-2.19.so
7f960897c000-7f9608b7b000 ---p 00105000 08:11 1187563                    /lib/x86_64-linux-gnu/libm-2.19.so
7f9608b7b000-7f9608b7c000 r--p 00104000 08:11 1187563                    /lib/x86_64-linux-gnu/libm-2.19.so
7f9608b7c000-7f9608b7d000 rw-p 00105000 08:11 1187563                    /lib/x86_64-linux-gnu/libm-2.19.so
7f9608b7d000-7f96096f3000 r-xp 00000000 08:11 4591395                    /usr/lib/jvm/java-7-oracle/jre/lib/amd64/server/libjvm.so
7f96096f3000-7f96098f2000 ---p 00b76000 08:11 4591395                    /usr/lib/jvm/java-7-oracle/jre/lib/amd64/server/libjvm.so
7f96098f2000-7f96099b6000 rw-p 00b75000 08:11 4591395                    /usr/lib/jvm/java-7-oracle/jre/lib/amd64/server/libjvm.so
7f96099b6000-7f96099f7000 rw-p 00000000 00:00 0 
7f96099f7000-7f9609bb2000 r-xp 00000000 08:11 1187651                    /lib/x86_64-linux-gnu/libc-2.19.so
7f9609bb2000-7f9609db1000 ---p 001bb000 08:11 1187651                    /lib/x86_64-linux-gnu/libc-2.19.so
7f9609db1000-7f9609db5000 r--p 001ba000 08:11 1187651                    /lib/x86_64-linux-gnu/libc-2.19.so
7f9609db5000-7f9609db7000 rw-p 001be000 08:11 1187651                    /lib/x86_64-linux-gnu/libc-2.19.so
7f9609db7000-7f9609dbc000 rw-p 00000000 00:00 0 
7f9609dbc000-7f9609dbf000 r-xp 00000000 08:11 1187640                    /lib/x86_64-linux-gnu/libdl-2.19.so
7f9609dbf000-7f9609fbe000 ---p 00003000 08:11 1187640                    /lib/x86_64-linux-gnu/libdl-2.19.so
7f9609fbe000-7f9609fbf000 r--p 00002000 08:11 1187640                    /lib/x86_64-linux-gnu/libdl-2.19.so
7f9609fbf000-7f9609fc0000 rw-p 00003000 08:11 1187640                    /lib/x86_64-linux-gnu/libdl-2.19.so
7f9609fc0000-7f9609fd5000 r-xp 00000000 08:11 1318110                    /usr/lib/jvm/java-7-oracle/lib/amd64/jli/libjli.so
7f9609fd5000-7f960a1d4000 ---p 00015000 08:11 1318110                    /usr/lib/jvm/java-7-oracle/lib/amd64/jli/libjli.so
7f960a1d4000-7f960a1d5000 rw-p 00014000 08:11 1318110                    /usr/lib/jvm/java-7-oracle/lib/amd64/jli/libjli.so
7f960a1d5000-7f960a1ee000 r-xp 00000000 08:11 1187652                    /lib/x86_64-linux-gnu/libpthread-2.19.so
7f960a1ee000-7f960a3ed000 ---p 00019000 08:11 1187652                    /lib/x86_64-linux-gnu/libpthread-2.19.so
7f960a3ed000-7f960a3ee000 r--p 00018000 08:11 1187652                    /lib/x86_64-linux-gnu/libpthread-2.19.so
7f960a3ee000-7f960a3ef000 rw-p 00019000 08:11 1187652                    /lib/x86_64-linux-gnu/libpthread-2.19.so
7f960a3ef000-7f960a3f3000 rw-p 00000000 00:00 0 
7f960a3f3000-7f960a416000 r-xp 00000000 08:11 1187648                    /lib/x86_64-linux-gnu/ld-2.19.so
7f960a419000-7f960a439000 rw-p 00000000 00:00 0 
7f960a439000-7f960a4ef000 rw-p 00000000 00:00 0 
7f960a4ef000-7f960a4f2000 ---p 00000000 00:00 0 
7f960a4f2000-7f960a5f4000 rw-p 00000000 00:00 0                          [stack:7406]
7f960a5f5000-7f960a5f6000 rw-p 00000000 00:00 0 
7f960a5f6000-7f960a5fa000 r--s 0008b000 08:11 4590960                    /usr/lib/jvm/java-7-oracle/jre/lib/jsse.jar
7f960a5fa000-7f960a609000 r--s 000dd000 08:15 103618650                  /home/milton/Programs/android-sdk-linux/build-tools/22.0.1/lib/dx.jar
7f960a609000-7f960a611000 rw-s 00000000 08:11 786510                     /tmp/hsperfdata_milton/7402
7f960a611000-7f960a612000 rw-p 00000000 00:00 0 
7f960a612000-7f960a613000 ---p 00000000 00:00 0 
7f960a613000-7f960a615000 rw-p 00000000 00:00 0 
7f960a615000-7f960a616000 r--p 00022000 08:11 1187648                    /lib/x86_64-linux-gnu/ld-2.19.so
7f960a616000-7f960a617000 rw-p 00023000 08:11 1187648                    /lib/x86_64-linux-gnu/ld-2.19.so
7f960a617000-7f960a618000 rw-p 00000000 00:00 0 
7ffcef6d9000-7ffcef6fb000 rw-p 00000000 00:00 0                          [stack]
7ffcef7b1000-7ffcef7b3000 r-xp 00000000 00:00 0                          [vdso]
7ffcef7b3000-7ffcef7b5000 r--p 00000000 00:00 0                          [vvar]
ffffffffff600000-ffffffffff601000 r-xp 00000000 00:00 0                  [vsyscall]

VM Arguments:
jvm_args: -Xmx1024M -Dfile.encoding=UTF-8 -Duser.country=US -Duser.language=en -Duser.variant 
java_command: com.android.dx.command.Main --dex --output /home/milton/Android/Domoticapp/app/build/intermediates/dex/debug /home/milton/Android/Domoticapp/app/build/intermediates/classes/debug /home/milton/Android/Domoticapp/app/build/intermediates/pre-dexed/debug/support-annotations-22.2.0-b090fae1052133187f4e2168339088b5be0695f5.jar /home/milton/Android/Domoticapp/app/build/intermediates/pre-dexed/debug/classes-2428f16f0fbb82e34a33fa7aee2d73444187b696.jar /home/milton/Android/Domoticapp/app/build/intermediates/pre-dexed/debug/huelocalsdk-3a736dad36bb2ca5af2b0ab755e4e3a7e1146fc1.jar /home/milton/Android/Domoticapp/app/build/intermediates/pre-dexed/debug/classes-0c1774079d34a98dc2e5b1a2431750c9682c8d37.jar /home/milton/Android/Domoticapp/app/build/intermediates/pre-dexed/debug/internal_impl-22.2.0-0b0908fbb8da5db2c4a3f0ece529568e77e1500c.jar /home/milton/Android/Domoticapp/app/build/intermediates/pre-dexed/debug/classes-174371cb37afa2170c178d2c3aae207bbb8fc502.jar /home/milton/Android/Domoticapp/app/build/intermediates/pre-dexed/debug/huesdkresources-eab68392ba194bfa9357a2a32ba0cd51a13e177b.jar /home/milton/Android/Domoticapp/app/build/intermediates/pre-dexed/debug/classes-3cf2f7ab7962b004ef78e87c655cad49cb6e2eba.jar /home/milton/Android/Domoticapp/app/build/intermediates/pre-dexed/debug/classes-c7e7f6983a217dfb0b3ae275715bd0a5019cbb38.jar
Launcher Type: SUN_STANDARD

Environment Variables:
PATH=/home/milton/.rvm/gems/ruby-2.2.1/bin:/home/milton/.rvm/gems/ruby-2.2.1@global/bin:/home/milton/.rvm/rubies/ruby-2.2.1/bin:/usr/local/sbin:/usr/local/bin:/usr/sbin:/usr/bin:/sbin:/bin:/usr/games:/usr/local/games:/home/milton/.rvm/bin
LD_LIBRARY_PATH=/home/milton/Programs/idea-IC-141.1010.3/bin:/usr/lib32
SHELL=/bin/bash
DISPLAY=:0

Signal Handlers:
SIGSEGV: [libjvm.so+0x9a3b20], sa_mask[0]=0x7ffbfeff, sa_flags=0x10000004
SIGBUS: [libjvm.so+0x9a3b20], sa_mask[0]=0x7ffbfeff, sa_flags=0x10000004
SIGFPE: [libjvm.so+0x81e740], sa_mask[0]=0x7ffbfeff, sa_flags=0x10000004
SIGPIPE: [libjvm.so+0x81e740], sa_mask[0]=0x7ffbfeff, sa_flags=0x10000004
SIGXFSZ: [libjvm.so+0x81e740], sa_mask[0]=0x7ffbfeff, sa_flags=0x10000004
SIGILL: [libjvm.so+0x81e740], sa_mask[0]=0x7ffbfeff, sa_flags=0x10000004
SIGUSR1: SIG_DFL, sa_mask[0]=0x00000000, sa_flags=0x00000000
SIGUSR2: [libjvm.so+0x81ffb0], sa_mask[0]=0x00000004, sa_flags=0x10000004
SIGHUP: [libjvm.so+0x8210d0], sa_mask[0]=0x7ffbfeff, sa_flags=0x10000004
SIGINT: [libjvm.so+0x8210d0], sa_mask[0]=0x7ffbfeff, sa_flags=0x10000004
SIGTERM: [libjvm.so+0x8210d0], sa_mask[0]=0x7ffbfeff, sa_flags=0x10000004
SIGQUIT: [libjvm.so+0x8210d0], sa_mask[0]=0x7ffbfeff, sa_flags=0x10000004


---------------  S Y S T E M  ---------------

OS:jessie/sid

uname:Linux 3.16.0-50-generic #66~14.04.1-Ubuntu SMP Thu Sep 10 17:05:00 UTC 2015 x86_64
libc:glibc 2.19 NPTL 2.19 
rlimit: STACK 8192k, CORE 0k, NPROC 30736, NOFILE 4096, AS infinity
load average:0.91 0.44 0.39

/proc/meminfo:
MemTotal:        8102144 kB
MemFree:         2259520 kB
MemAvailable:    4055680 kB
Buffers:          324664 kB
Cached:          1557472 kB
SwapCached:            0 kB
Active:          3727996 kB
Inactive:        1009992 kB
Active(anon):    2860056 kB
Inactive(anon):    50820 kB
Active(file):     867940 kB
Inactive(file):   959172 kB
Unevictable:         848 kB
Mlocked:             848 kB
SwapTotal:       7812092 kB
SwapFree:        7812092 kB
Dirty:             10744 kB
Writeback:             0 kB
AnonPages:       2870940 kB
Mapped:           990816 kB
Shmem:             55204 kB
Slab:             265920 kB
SReclaimable:     222464 kB
SUnreclaim:        43456 kB
KernelStack:       11136 kB
PageTables:        44512 kB
NFS_Unstable:          0 kB
Bounce:                0 kB
WritebackTmp:          0 kB
CommitLimit:    11863164 kB
Committed_AS:    7874460 kB
VmallocTotal:   34359738367 kB
VmallocUsed:      113228 kB
VmallocChunk:   34359621016 kB
HardwareCorrupted:     0 kB
AnonHugePages:   1613824 kB
HugePages_Total:       0
HugePages_Free:        0
HugePages_Rsvd:        0
HugePages_Surp:        0
Hugepagesize:       2048 kB
DirectMap4k:      341352 kB
DirectMap2M:     5875712 kB
DirectMap1G:     2097152 kB


CPU:total 4 (4 cores per cpu, 1 threads per core) family 6 model 60 stepping 3, cmov, cx8, fxsr, mmx, sse, sse2, sse3, ssse3, sse4.1, sse4.2, popcnt, avx, avx2, aes, erms, tsc, tscinvbit

/proc/cpuinfo:
processor	: 0
vendor_id	: GenuineIntel
cpu family	: 6
model		: 60
model name	: Intel(R) Core(TM) i5-4690 CPU @ 3.50GHz
stepping	: 3
microcode	: 0x17
cpu MHz		: 3700.019
cache size	: 6144 KB
physical id	: 0
siblings	: 4
core id		: 0
cpu cores	: 4
apicid		: 0
initial apicid	: 0
fpu		: yes
fpu_exception	: yes
cpuid level	: 13
wp		: yes
flags		: fpu vme de pse tsc msr pae mce cx8 apic sep mtrr pge mca cmov pat pse36 clflush dts acpi mmx fxsr sse sse2 ss ht tm pbe syscall nx pdpe1gb rdtscp lm constant_tsc arch_perfmon pebs bts rep_good nopl xtopology nonstop_tsc aperfmperf eagerfpu pni pclmulqdq dtes64 monitor ds_cpl vmx smx est tm2 ssse3 fma cx16 xtpr pdcm pcid sse4_1 sse4_2 x2apic movbe popcnt tsc_deadline_timer aes xsave avx f16c rdrand lahf_lm abm ida arat xsaveopt pln pts dtherm tpr_shadow vnmi flexpriority ept vpid fsgsbase tsc_adjust bmi1 hle avx2 smep bmi2 erms invpcid rtm
bogomips	: 7000.23
clflush size	: 64
cache_alignment	: 64
address sizes	: 39 bits physical, 48 bits virtual
power management:

processor	: 1
vendor_id	: GenuineIntel
cpu family	: 6
model		: 60
model name	: Intel(R) Core(TM) i5-4690 CPU @ 3.50GHz
stepping	: 3
microcode	: 0x17
cpu MHz		: 3700.019
cache size	: 6144 KB
physical id	: 0
siblings	: 4
core id		: 1
cpu cores	: 4
apicid		: 2
initial apicid	: 2
fpu		: yes
fpu_exception	: yes
cpuid level	: 13
wp		: yes
flags		: fpu vme de pse tsc msr pae mce cx8 apic sep mtrr pge mca cmov pat pse36 clflush dts acpi mmx fxsr sse sse2 ss ht tm pbe syscall nx pdpe1gb rdtscp lm constant_tsc arch_perfmon pebs bts rep_good nopl xtopology nonstop_tsc aperfmperf eagerfpu pni pclmulqdq dtes64 monitor ds_cpl vmx smx est tm2 ssse3 fma cx16 xtpr pdcm pcid sse4_1 sse4_2 x2apic movbe popcnt tsc_deadline_timer aes xsave avx f16c rdrand lahf_lm abm ida arat xsaveopt pln pts dtherm tpr_shadow vnmi flexpriority ept vpid fsgsbase tsc_adjust bmi1 hle avx2 smep bmi2 erms invpcid rtm
bogomips	: 7000.23
clflush size	: 64
cache_alignment	: 64
address sizes	: 39 bits physical, 48 bits virtual
power management:

processor	: 2
vendor_id	: GenuineIntel
cpu family	: 6
model		: 60
model name	: Intel(R) Core(TM) i5-4690 CPU @ 3.50GHz
stepping	: 3
microcode	: 0x17
cpu MHz		: 3700.019
cache size	: 6144 KB
physical id	: 0
siblings	: 4
core id		: 2
cpu cores	: 4
apicid		: 4
initial apicid	: 4
fpu		: yes
fpu_exception	: yes
cpuid level	: 13
wp		: yes
flags		: fpu vme de pse tsc msr pae mce cx8 apic sep mtrr pge mca cmov pat pse36 clflush dts acpi mmx fxsr sse sse2 ss ht tm pbe syscall nx pdpe1gb rdtscp lm constant_tsc arch_perfmon pebs bts rep_good nopl xtopology nonstop_tsc aperfmperf eagerfpu pni pclmulqdq dtes64 monitor ds_cpl vmx smx est tm2 ssse3 fma cx16 xtpr pdcm pcid sse4_1 sse4_2 x2apic movbe popcnt tsc_deadline_timer aes xsave avx f16c rdrand lahf_lm abm ida arat xsaveopt pln pts dtherm tpr_shadow vnmi flexpriority ept vpid fsgsbase tsc_adjust bmi1 hle avx2 smep bmi2 erms invpcid rtm
bogomips	: 7000.23
clflush size	: 64
cache_alignment	: 64
address sizes	: 39 bits physical, 48 bits virtual
power management:

processor	: 3
vendor_id	: GenuineIntel
cpu family	: 6
model		: 60
model name	: Intel(R) Core(TM) i5-4690 CPU @ 3.50GHz
stepping	: 3
microcode	: 0x17
cpu MHz		: 3700.019
cache size	: 6144 KB
physical id	: 0
siblings	: 4
core id		: 3
cpu cores	: 4
apicid		: 6
initial apicid	: 6
fpu		: yes
fpu_exception	: yes
cpuid level	: 13
wp		: yes
flags		: fpu vme de pse tsc msr pae mce cx8 apic sep mtrr pge mca cmov pat pse36 clflush dts acpi mmx fxsr sse sse2 ss ht tm pbe syscall nx pdpe1gb rdtscp lm constant_tsc arch_perfmon pebs bts rep_good nopl xtopology nonstop_tsc aperfmperf eagerfpu pni pclmulqdq dtes64 monitor ds_cpl vmx smx est tm2 ssse3 fma cx16 xtpr pdcm pcid sse4_1 sse4_2 x2apic movbe popcnt tsc_deadline_timer aes xsave avx f16c rdrand lahf_lm abm ida arat xsaveopt pln pts dtherm tpr_shadow vnmi flexpriority ept vpid fsgsbase tsc_adjust bmi1 hle avx2 smep bmi2 erms invpcid rtm
bogomips	: 7000.23
clflush size	: 64
cache_alignment	: 64
address sizes	: 39 bits physical, 48 bits virtual
power management:



Memory: 4k page, physical 8102144k(2259520k free), swap 7812092k(7812092k free)

vm_info: Java HotSpot(TM) 64-Bit Server VM (24.80-b11) for linux-amd64 JRE (1.7.0_80-b15), built on Apr 10 2015 19:53:14 by "java_re" with gcc 4.3.0 20080428 (Red Hat 4.3.0-8)

time: Thu Oct  1 17:33:21 2015
elapsed time: 1 seconds

